2024-03-18 21:19:59,125 [Worker-6: Loading available Gradle versions] INFO  o.e.b.c.i.u.g.PublishedGradleVersions - Gradle version information cache is out-of-date. Trying to update.
2024-03-18 21:22:26,421 [ModalContext] INFO  o.e.m.c.i.e.AbstractTransferListenerAdapter - Downloading https://github.com/unlp-info-objetos/oo2-2022/blob/main/oo2_archetype-archetype-0.0.2/oo2_archetype-archetype-0.0.2.jar?raw=true/ar/edu/unlp/info/oo2/objetos-dos/0.0.2/objetos-dos-0.0.2.pom
2024-03-18 21:22:26,798 [ModalContext] INFO  o.e.m.c.i.e.AbstractTransferListenerAdapter - Downloaded https://github.com/unlp-info-objetos/oo2-2022/blob/main/oo2_archetype-archetype-0.0.2/oo2_archetype-archetype-0.0.2.jar?raw=true/ar/edu/unlp/info/oo2/objetos-dos/0.0.2/objetos-dos-0.0.2.pom
2024-03-18 21:22:27,510 [ModalContext] INFO  o.e.m.c.i.e.AbstractTransferListenerAdapter - Downloading https://github.com/unlp-info-objetos/oo2-2022/blob/main/oo2_archetype-archetype-0.0.2/oo2_archetype-archetype-0.0.2.jar?raw=true/ar/edu/unlp/info/oo2/objetos-dos/0.0.2/objetos-dos-0.0.2.jar
2024-03-18 21:22:27,776 [ModalContext] INFO  o.e.m.c.i.e.AbstractTransferListenerAdapter - Downloaded https://github.com/unlp-info-objetos/oo2-2022/blob/main/oo2_archetype-archetype-0.0.2/oo2_archetype-archetype-0.0.2.jar?raw=true/ar/edu/unlp/info/oo2/objetos-dos/0.0.2/objetos-dos-0.0.2.jar
2024-03-18 21:27:12,617 [ModalContext] INFO  o.e.m.c.i.e.AbstractTransferListenerAdapter - Downloaded https://repo.maven.apache.org/maven2/ar/edu/unlp/info/oo2/objetos-dos/0.0.2/objetos-dos-0.0.2.pom
2024-03-18 21:27:12,618 [ModalContext] WARN  o.e.m.c.i.embedder.EclipseLogger - The POM for ar.edu.unlp.info.oo2:objetos-dos:jar:0.0.2 is missing, no dependency information available
2024-03-18 21:27:12,806 [ModalContext] INFO  o.e.m.c.i.e.AbstractTransferListenerAdapter - Downloaded https://repo.maven.apache.org/maven2/ar/edu/unlp/info/oo2/objetos-dos/0.0.2/objetos-dos-0.0.2.jar
2024-03-18 21:27:42,279 [Worker-28: Launching mavenrun-435caf04-4b0c-4431-96cb-75d9ea205eb7] INFO  o.eclipse.m2e.core.internal.Bundles - getClasspathEntries(Bundle=org.eclipse.m2e.maven.runtime_3.8.701.20230209-1606 [274])
2024-03-18 21:27:42,287 [Worker-28: Launching mavenrun-435caf04-4b0c-4431-96cb-75d9ea205eb7] INFO  o.eclipse.m2e.core.internal.Bundles - 	Entry: C:\Users\Usuario\Desktop\Tercer Año\OO2\eclipse\plugins\org.eclipse.m2e.maven.runtime_3.8.701.20230209-1606
2024-03-18 21:27:42,287 [Worker-28: Launching mavenrun-435caf04-4b0c-4431-96cb-75d9ea205eb7] INFO  o.eclipse.m2e.core.internal.Bundles - 	Entry: C:\Users\Usuario\Desktop\Tercer Año\OO2\eclipse\plugins\org.eclipse.m2e.maven.runtime_3.8.701.20230209-1606\jars\aether-connector-okhttp-0.17.8.jar
2024-03-18 21:27:42,287 [Worker-28: Launching mavenrun-435caf04-4b0c-4431-96cb-75d9ea205eb7] INFO  o.eclipse.m2e.core.internal.Bundles - 	Entry: C:\Users\Usuario\Desktop\Tercer Año\OO2\eclipse\plugins\org.eclipse.m2e.maven.runtime_3.8.701.20230209-1606\jars\commons-lang3-3.8.1.jar
2024-03-18 21:27:42,288 [Worker-28: Launching mavenrun-435caf04-4b0c-4431-96cb-75d9ea205eb7] INFO  o.eclipse.m2e.core.internal.Bundles - 	Entry: C:\Users\Usuario\Desktop\Tercer Año\OO2\eclipse\plugins\org.eclipse.m2e.maven.runtime_3.8.701.20230209-1606\jars\guice-4.2.2-no_aop.jar
2024-03-18 21:27:42,288 [Worker-28: Launching mavenrun-435caf04-4b0c-4431-96cb-75d9ea205eb7] INFO  o.eclipse.m2e.core.internal.Bundles - 	Entry: C:\Users\Usuario\Desktop\Tercer Año\OO2\eclipse\plugins\org.eclipse.m2e.maven.runtime_3.8.701.20230209-1606\jars\jansi-2.4.0.jar
2024-03-18 21:27:42,288 [Worker-28: Launching mavenrun-435caf04-4b0c-4431-96cb-75d9ea205eb7] INFO  o.eclipse.m2e.core.internal.Bundles - 	Entry: C:\Users\Usuario\Desktop\Tercer Año\OO2\eclipse\plugins\org.eclipse.m2e.maven.runtime_3.8.701.20230209-1606\jars\maven-artifact-3.8.7.jar
2024-03-18 21:27:42,288 [Worker-28: Launching mavenrun-435caf04-4b0c-4431-96cb-75d9ea205eb7] INFO  o.eclipse.m2e.core.internal.Bundles - 	Entry: C:\Users\Usuario\Desktop\Tercer Año\OO2\eclipse\plugins\org.eclipse.m2e.maven.runtime_3.8.701.20230209-1606\jars\maven-builder-support-3.8.7.jar
2024-03-18 21:27:42,288 [Worker-28: Launching mavenrun-435caf04-4b0c-4431-96cb-75d9ea205eb7] INFO  o.eclipse.m2e.core.internal.Bundles - 	Entry: C:\Users\Usuario\Desktop\Tercer Año\OO2\eclipse\plugins\org.eclipse.m2e.maven.runtime_3.8.701.20230209-1606\jars\maven-compat-3.8.7.jar
2024-03-18 21:27:42,289 [Worker-28: Launching mavenrun-435caf04-4b0c-4431-96cb-75d9ea205eb7] INFO  o.eclipse.m2e.core.internal.Bundles - 	Entry: C:\Users\Usuario\Desktop\Tercer Año\OO2\eclipse\plugins\org.eclipse.m2e.maven.runtime_3.8.701.20230209-1606\jars\maven-core-3.8.7.jar
2024-03-18 21:27:42,289 [Worker-28: Launching mavenrun-435caf04-4b0c-4431-96cb-75d9ea205eb7] INFO  o.eclipse.m2e.core.internal.Bundles - 	Entry: C:\Users\Usuario\Desktop\Tercer Año\OO2\eclipse\plugins\org.eclipse.m2e.maven.runtime_3.8.701.20230209-1606\jars\maven-embedder-3.8.7.jar
2024-03-18 21:27:42,289 [Worker-28: Launching mavenrun-435caf04-4b0c-4431-96cb-75d9ea205eb7] INFO  o.eclipse.m2e.core.internal.Bundles - 	Entry: C:\Users\Usuario\Desktop\Tercer Año\OO2\eclipse\plugins\org.eclipse.m2e.maven.runtime_3.8.701.20230209-1606\jars\maven-model-3.8.7.jar
2024-03-18 21:27:42,289 [Worker-28: Launching mavenrun-435caf04-4b0c-4431-96cb-75d9ea205eb7] INFO  o.eclipse.m2e.core.internal.Bundles - 	Entry: C:\Users\Usuario\Desktop\Tercer Año\OO2\eclipse\plugins\org.eclipse.m2e.maven.runtime_3.8.701.20230209-1606\jars\maven-model-builder-3.8.7.jar
2024-03-18 21:27:42,289 [Worker-28: Launching mavenrun-435caf04-4b0c-4431-96cb-75d9ea205eb7] INFO  o.eclipse.m2e.core.internal.Bundles - 	Entry: C:\Users\Usuario\Desktop\Tercer Año\OO2\eclipse\plugins\org.eclipse.m2e.maven.runtime_3.8.701.20230209-1606\jars\maven-plugin-api-3.8.7.jar
2024-03-18 21:27:42,290 [Worker-28: Launching mavenrun-435caf04-4b0c-4431-96cb-75d9ea205eb7] INFO  o.eclipse.m2e.core.internal.Bundles - 	Entry: C:\Users\Usuario\Desktop\Tercer Año\OO2\eclipse\plugins\org.eclipse.m2e.maven.runtime_3.8.701.20230209-1606\jars\maven-repository-metadata-3.8.7.jar
2024-03-18 21:27:42,290 [Worker-28: Launching mavenrun-435caf04-4b0c-4431-96cb-75d9ea205eb7] INFO  o.eclipse.m2e.core.internal.Bundles - 	Entry: C:\Users\Usuario\Desktop\Tercer Año\OO2\eclipse\plugins\org.eclipse.m2e.maven.runtime_3.8.701.20230209-1606\jars\maven-resolver-api-1.6.3.jar
2024-03-18 21:27:42,290 [Worker-28: Launching mavenrun-435caf04-4b0c-4431-96cb-75d9ea205eb7] INFO  o.eclipse.m2e.core.internal.Bundles - 	Entry: C:\Users\Usuario\Desktop\Tercer Año\OO2\eclipse\plugins\org.eclipse.m2e.maven.runtime_3.8.701.20230209-1606\jars\maven-resolver-connector-basic-1.6.3.jar
2024-03-18 21:27:42,290 [Worker-28: Launching mavenrun-435caf04-4b0c-4431-96cb-75d9ea205eb7] INFO  o.eclipse.m2e.core.internal.Bundles - 	Entry: C:\Users\Usuario\Desktop\Tercer Año\OO2\eclipse\plugins\org.eclipse.m2e.maven.runtime_3.8.701.20230209-1606\jars\maven-resolver-impl-1.6.3.jar
2024-03-18 21:27:42,290 [Worker-28: Launching mavenrun-435caf04-4b0c-4431-96cb-75d9ea205eb7] INFO  o.eclipse.m2e.core.internal.Bundles - 	Entry: C:\Users\Usuario\Desktop\Tercer Año\OO2\eclipse\plugins\org.eclipse.m2e.maven.runtime_3.8.701.20230209-1606\jars\maven-resolver-provider-3.8.7.jar
2024-03-18 21:27:42,290 [Worker-28: Launching mavenrun-435caf04-4b0c-4431-96cb-75d9ea205eb7] INFO  o.eclipse.m2e.core.internal.Bundles - 	Entry: C:\Users\Usuario\Desktop\Tercer Año\OO2\eclipse\plugins\org.eclipse.m2e.maven.runtime_3.8.701.20230209-1606\jars\maven-resolver-spi-1.6.3.jar
2024-03-18 21:27:42,291 [Worker-28: Launching mavenrun-435caf04-4b0c-4431-96cb-75d9ea205eb7] INFO  o.eclipse.m2e.core.internal.Bundles - 	Entry: C:\Users\Usuario\Desktop\Tercer Año\OO2\eclipse\plugins\org.eclipse.m2e.maven.runtime_3.8.701.20230209-1606\jars\maven-resolver-transport-wagon-1.6.3.jar
2024-03-18 21:27:42,291 [Worker-28: Launching mavenrun-435caf04-4b0c-4431-96cb-75d9ea205eb7] INFO  o.eclipse.m2e.core.internal.Bundles - 	Entry: C:\Users\Usuario\Desktop\Tercer Año\OO2\eclipse\plugins\org.eclipse.m2e.maven.runtime_3.8.701.20230209-1606\jars\maven-resolver-util-1.6.3.jar
2024-03-18 21:27:42,291 [Worker-28: Launching mavenrun-435caf04-4b0c-4431-96cb-75d9ea205eb7] INFO  o.eclipse.m2e.core.internal.Bundles - 	Entry: C:\Users\Usuario\Desktop\Tercer Año\OO2\eclipse\plugins\org.eclipse.m2e.maven.runtime_3.8.701.20230209-1606\jars\maven-settings-3.8.7.jar
2024-03-18 21:27:42,291 [Worker-28: Launching mavenrun-435caf04-4b0c-4431-96cb-75d9ea205eb7] INFO  o.eclipse.m2e.core.internal.Bundles - 	Entry: C:\Users\Usuario\Desktop\Tercer Año\OO2\eclipse\plugins\org.eclipse.m2e.maven.runtime_3.8.701.20230209-1606\jars\maven-settings-builder-3.8.7.jar
2024-03-18 21:27:42,291 [Worker-28: Launching mavenrun-435caf04-4b0c-4431-96cb-75d9ea205eb7] INFO  o.eclipse.m2e.core.internal.Bundles - 	Entry: C:\Users\Usuario\Desktop\Tercer Año\OO2\eclipse\plugins\org.eclipse.m2e.maven.runtime_3.8.701.20230209-1606\jars\maven-shared-utils-3.3.4.jar
2024-03-18 21:27:42,292 [Worker-28: Launching mavenrun-435caf04-4b0c-4431-96cb-75d9ea205eb7] INFO  o.eclipse.m2e.core.internal.Bundles - 	Entry: C:\Users\Usuario\Desktop\Tercer Año\OO2\eclipse\plugins\org.eclipse.m2e.maven.runtime_3.8.701.20230209-1606\jars\okhttp-3.14.1.jar
2024-03-18 21:27:42,292 [Worker-28: Launching mavenrun-435caf04-4b0c-4431-96cb-75d9ea205eb7] INFO  o.eclipse.m2e.core.internal.Bundles - 	Entry: C:\Users\Usuario\Desktop\Tercer Año\OO2\eclipse\plugins\org.eclipse.m2e.maven.runtime_3.8.701.20230209-1606\jars\okio-1.17.3.jar
2024-03-18 21:27:42,292 [Worker-28: Launching mavenrun-435caf04-4b0c-4431-96cb-75d9ea205eb7] INFO  o.eclipse.m2e.core.internal.Bundles - 	Entry: C:\Users\Usuario\Desktop\Tercer Año\OO2\eclipse\plugins\org.eclipse.m2e.maven.runtime_3.8.701.20230209-1606\jars\org.eclipse.sisu.inject-0.3.5.jar
2024-03-18 21:27:42,292 [Worker-28: Launching mavenrun-435caf04-4b0c-4431-96cb-75d9ea205eb7] INFO  o.eclipse.m2e.core.internal.Bundles - 	Entry: C:\Users\Usuario\Desktop\Tercer Año\OO2\eclipse\plugins\org.eclipse.m2e.maven.runtime_3.8.701.20230209-1606\jars\org.eclipse.sisu.plexus-0.3.5.jar
2024-03-18 21:27:42,292 [Worker-28: Launching mavenrun-435caf04-4b0c-4431-96cb-75d9ea205eb7] INFO  o.eclipse.m2e.core.internal.Bundles - 	Entry: C:\Users\Usuario\Desktop\Tercer Año\OO2\eclipse\plugins\org.eclipse.m2e.maven.runtime_3.8.701.20230209-1606\jars\plexus-build-api-0.0.7.jar
2024-03-18 21:27:42,293 [Worker-28: Launching mavenrun-435caf04-4b0c-4431-96cb-75d9ea205eb7] INFO  o.eclipse.m2e.core.internal.Bundles - 	Entry: C:\Users\Usuario\Desktop\Tercer Año\OO2\eclipse\plugins\org.eclipse.m2e.maven.runtime_3.8.701.20230209-1606\jars\plexus-cipher-2.0.jar
2024-03-18 21:27:42,293 [Worker-28: Launching mavenrun-435caf04-4b0c-4431-96cb-75d9ea205eb7] INFO  o.eclipse.m2e.core.internal.Bundles - 	Entry: C:\Users\Usuario\Desktop\Tercer Año\OO2\eclipse\plugins\org.eclipse.m2e.maven.runtime_3.8.701.20230209-1606\jars\plexus-classworlds-2.6.0.jar
2024-03-18 21:27:42,293 [Worker-28: Launching mavenrun-435caf04-4b0c-4431-96cb-75d9ea205eb7] INFO  o.eclipse.m2e.core.internal.Bundles - 	Entry: C:\Users\Usuario\Desktop\Tercer Año\OO2\eclipse\plugins\org.eclipse.m2e.maven.runtime_3.8.701.20230209-1606\jars\plexus-component-annotations-2.1.0.jar
2024-03-18 21:27:42,293 [Worker-28: Launching mavenrun-435caf04-4b0c-4431-96cb-75d9ea205eb7] INFO  o.eclipse.m2e.core.internal.Bundles - 	Entry: C:\Users\Usuario\Desktop\Tercer Año\OO2\eclipse\plugins\org.eclipse.m2e.maven.runtime_3.8.701.20230209-1606\jars\plexus-interpolation-1.26.jar
2024-03-18 21:27:42,293 [Worker-28: Launching mavenrun-435caf04-4b0c-4431-96cb-75d9ea205eb7] INFO  o.eclipse.m2e.core.internal.Bundles - 	Entry: C:\Users\Usuario\Desktop\Tercer Año\OO2\eclipse\plugins\org.eclipse.m2e.maven.runtime_3.8.701.20230209-1606\jars\plexus-sec-dispatcher-2.0.jar
2024-03-18 21:27:42,293 [Worker-28: Launching mavenrun-435caf04-4b0c-4431-96cb-75d9ea205eb7] INFO  o.eclipse.m2e.core.internal.Bundles - 	Entry: C:\Users\Usuario\Desktop\Tercer Año\OO2\eclipse\plugins\org.eclipse.m2e.maven.runtime_3.8.701.20230209-1606\jars\plexus-utils-3.3.1.jar
2024-03-18 21:27:42,294 [Worker-28: Launching mavenrun-435caf04-4b0c-4431-96cb-75d9ea205eb7] INFO  o.eclipse.m2e.core.internal.Bundles - 	Entry: C:\Users\Usuario\Desktop\Tercer Año\OO2\eclipse\plugins\org.eclipse.m2e.maven.runtime_3.8.701.20230209-1606\jars\wagon-file-3.5.3.jar
2024-03-18 21:27:42,294 [Worker-28: Launching mavenrun-435caf04-4b0c-4431-96cb-75d9ea205eb7] INFO  o.eclipse.m2e.core.internal.Bundles - 	Entry: C:\Users\Usuario\Desktop\Tercer Año\OO2\eclipse\plugins\org.eclipse.m2e.maven.runtime_3.8.701.20230209-1606\jars\wagon-provider-api-3.5.3.jar
2024-03-18 21:27:42,295 [Worker-28: Launching mavenrun-435caf04-4b0c-4431-96cb-75d9ea205eb7] INFO  o.eclipse.m2e.core.internal.Bundles - getClasspathEntries(Bundle=com.google.guava_31.1.0.jre [9])
2024-03-18 21:27:42,296 [Worker-28: Launching mavenrun-435caf04-4b0c-4431-96cb-75d9ea205eb7] INFO  o.eclipse.m2e.core.internal.Bundles - 	Entry: C:\Users\Usuario\Desktop\Tercer Año\OO2\eclipse\plugins\com.google.guava_31.1.0.jre.jar
2024-03-18 21:27:42,296 [Worker-28: Launching mavenrun-435caf04-4b0c-4431-96cb-75d9ea205eb7] INFO  o.eclipse.m2e.core.internal.Bundles - getClasspathEntries(Bundle=slf4j.api_1.7.36 [442])
2024-03-18 21:27:42,296 [Worker-28: Launching mavenrun-435caf04-4b0c-4431-96cb-75d9ea205eb7] INFO  o.eclipse.m2e.core.internal.Bundles - 	Entry: C:\Users\Usuario\Desktop\Tercer Año\OO2\eclipse\plugins\slf4j.api_1.7.36.jar
2024-03-18 21:27:42,296 [Worker-28: Launching mavenrun-435caf04-4b0c-4431-96cb-75d9ea205eb7] INFO  o.eclipse.m2e.core.internal.Bundles - getClasspathEntries(Bundle=javax.inject_1.0.0.v20220405-0441 [21])
2024-03-18 21:27:42,297 [Worker-28: Launching mavenrun-435caf04-4b0c-4431-96cb-75d9ea205eb7] INFO  o.eclipse.m2e.core.internal.Bundles - 	Entry: C:\Users\Usuario\Desktop\Tercer Año\OO2\eclipse\plugins\javax.inject_1.0.0.v20220405-0441.jar
2024-03-18 21:27:42,297 [Worker-28: Launching mavenrun-435caf04-4b0c-4431-96cb-75d9ea205eb7] INFO  o.eclipse.m2e.core.internal.Bundles - getClasspathEntries(Bundle=javax.annotation_1.3.5.v20221203-1659 [19])
2024-03-18 21:27:42,298 [Worker-28: Launching mavenrun-435caf04-4b0c-4431-96cb-75d9ea205eb7] INFO  o.eclipse.m2e.core.internal.Bundles - 	Entry: C:\Users\Usuario\Desktop\Tercer Año\OO2\eclipse\plugins\javax.annotation_1.3.5.v20221203-1659.jar
2024-03-18 21:27:42,299 [Worker-28: Launching mavenrun-435caf04-4b0c-4431-96cb-75d9ea205eb7] INFO  o.eclipse.m2e.core.internal.Bundles - getClasspathEntries(Bundle=org.apache.commons.cli_1.4.0.v20221112-0806 [41])
2024-03-18 21:27:42,299 [Worker-28: Launching mavenrun-435caf04-4b0c-4431-96cb-75d9ea205eb7] INFO  o.eclipse.m2e.core.internal.Bundles - 	Entry: C:\Users\Usuario\Desktop\Tercer Año\OO2\eclipse\plugins\org.apache.commons.cli_1.4.0.v20221112-0806.jar
2024-03-18 21:27:42,299 [Worker-28: Launching mavenrun-435caf04-4b0c-4431-96cb-75d9ea205eb7] INFO  o.eclipse.m2e.core.internal.Bundles - getClasspathEntries(Bundle=com.google.guava.failureaccess_1.0.1 [11])
2024-03-18 21:27:42,300 [Worker-28: Launching mavenrun-435caf04-4b0c-4431-96cb-75d9ea205eb7] INFO  o.eclipse.m2e.core.internal.Bundles - 	Entry: C:\Users\Usuario\Desktop\Tercer Año\OO2\eclipse\plugins\com.google.guava.failureaccess_1.0.1.jar
2024-03-18 21:27:42,306 [Worker-28: Launching mavenrun-435caf04-4b0c-4431-96cb-75d9ea205eb7] INFO  o.e.m.i.launch.MavenLaunchDelegate - Run build in "C:\Users\Usuario\AppData\Local\Temp\m2e-archetypeGenerator8382726624025762883":
2024-03-18 21:27:42,309 [Worker-28: Launching mavenrun-435caf04-4b0c-4431-96cb-75d9ea205eb7] INFO  o.e.m.i.launch.MavenLaunchDelegate -  mvn  -DarchetypeGroupId=ar.edu.unlp.info.oo2 -DarchetypeArtifactId=objetos-dos -DarchetypeVersion=0.0.2 -DgroupId=ar.edu.unlp.info.oo2 -DartifactId=ejercicio_1 -Dversion=0.0.1-SNAPSHOT -Dpackage=ar.edu.unlp.info.oo2.ejercicio_1 -DoutputDirectory="C:\Users\Usuario\Desktop\Tercer Año\OO2" -Dstyle.color=always -U archetype:generate
2024-03-18 21:29:04,022 [ModalContext] WARN  o.e.m.c.i.embedder.EclipseLogger - The POM for ar.edu.unlp.info.oo2:objetos-dos:jar:0.0.2 is missing, no dependency information available
2024-03-18 21:30:00,668 [ModalContext] WARN  o.e.m.c.i.embedder.EclipseLogger - The POM for ar.edu.unlp.info.oo2:objetos-dos:jar:0.0.2 is missing, no dependency information available
2024-03-18 21:30:32,933 [Worker-30: Creating objetos-dos] INFO  o.e.m.c.i.p.ProjectConfigurationManager - Collecting project info '/pom.xml' C:\Users\Usuario\Desktop\Tercer Año\OO2\ejercicio_1\pom.xml
2024-03-18 21:30:35,518 [Worker-30: Creating objetos-dos] INFO  o.e.m.c.i.l.LifecycleMappingFactory - Using org.eclipse.m2e.jdt.JarLifecycleMapping lifecycle mapping for MavenProject: ar.edu.unlp.info.oo2:ejercicio_1:0.0.1-SNAPSHOT @ C:\Users\Usuario\Desktop\Tercer Año\OO2\ejercicio_1\pom.xml.
2024-03-18 21:30:36,913 [Worker-30: Creating objetos-dos] INFO  o.e.m.j.i.AbstractJavaProjectConfigurator - Adding source folder /ejercicio_1/src/main/java
2024-03-18 21:30:36,914 [Worker-30: Creating objetos-dos] INFO  o.e.m.j.i.AbstractJavaProjectConfigurator - Adding source folder /ejercicio_1/src/test/java
2024-03-18 21:30:36,963 [Worker-30: Creating objetos-dos] INFO  o.e.m.c.i.p.ProjectConfigurationManager - Imported and configured 1 project(s) in 4 sec
2024-03-18 21:30:36,987 [Worker-33: Launching mavenrun-274c4547-7f0a-4ec8-8a77-1a13217cf90a] INFO  o.e.m.i.launch.MavenLaunchDelegate - Run build in "C:\Users\Usuario\AppData\Local\Temp\m2e-archetypeGenerator9773914423411530394":
2024-03-18 21:30:36,987 [Worker-33: Launching mavenrun-274c4547-7f0a-4ec8-8a77-1a13217cf90a] INFO  o.e.m.i.launch.MavenLaunchDelegate -  mvn  -DarchetypeGroupId=ar.edu.unlp.info.oo2 -DarchetypeArtifactId=objetos-dos -DarchetypeVersion=0.0.2 -DgroupId=ar.edu.unlp.info.oo2 -DartifactId=ejercicio_1 -Dversion=0.0.1-SNAPSHOT -Dpackage=ar.edu.unlp.info.oo2.ejercicio_1 -DoutputDirectory="C:\Users\Usuario\Desktop\Tercer Año\OO2" -Dstyle.color=always -U archetype:generate
2024-03-18 21:32:04,713 [Worker-31: Launching mavenrun-670dc053-b168-4aca-ac92-51d4e69789c2] INFO  o.e.m.i.launch.MavenLaunchDelegate - Run build in "C:\Users\Usuario\AppData\Local\Temp\m2e-archetypeGenerator10424374978206733514":
2024-03-18 21:32:04,713 [Worker-31: Launching mavenrun-670dc053-b168-4aca-ac92-51d4e69789c2] INFO  o.e.m.i.launch.MavenLaunchDelegate -  mvn  -DarchetypeGroupId=ar.edu.unlp.info.oo2 -DarchetypeArtifactId=objetos-dos -DarchetypeVersion=0.0.2 -DgroupId=ar.edu.unlp.info.oo2 -DartifactId=ejercicio_1 -Dversion=0.0.1-SNAPSHOT -Dpackage=ar.edu.unlp.info.oo2.ejercicio_1 -DoutputDirectory="C:\Users\Usuario\Desktop\Tercer Año\OO2" -Dstyle.color=always -U archetype:generate
2024-03-20 10:25:56,535 [Worker-4: Loading available Gradle versions] INFO  o.e.b.c.i.u.g.PublishedGradleVersions - Gradle version information cache is up-to-date. Trying to read.
2024-03-20 12:19:19,700 [Worker-4: Loading available Gradle versions] INFO  o.e.b.c.i.u.g.PublishedGradleVersions - Gradle version information cache is up-to-date. Trying to read.
2024-03-20 14:11:10,296 [Worker-26: Launching ejercicio_1] INFO  o.e.m.c.i.embedder.EclipseLogger - Using 'UTF-8' encoding to copy filtered resources.
2024-03-20 14:11:10,298 [Worker-26: Launching ejercicio_1] INFO  o.e.m.c.i.embedder.EclipseLogger - skip non existing resourceDirectory C:\Users\Usuario\Desktop\Tercer Año\OO2\ejercicio_1\src\main\resources
2024-03-20 14:11:10,300 [Worker-26: Launching ejercicio_1] INFO  o.e.m.c.i.embedder.EclipseLogger - Using 'UTF-8' encoding to copy filtered resources.
2024-03-20 14:11:10,301 [Worker-26: Launching ejercicio_1] INFO  o.e.m.c.i.embedder.EclipseLogger - skip non existing resourceDirectory C:\Users\Usuario\Desktop\Tercer Año\OO2\ejercicio_1\src\test\resources
2024-03-20 14:13:15,097 [Worker-36: Launching ejercicio_1] INFO  o.e.m.c.i.embedder.EclipseLogger - Using 'UTF-8' encoding to copy filtered resources.
2024-03-20 14:13:15,098 [Worker-36: Launching ejercicio_1] INFO  o.e.m.c.i.embedder.EclipseLogger - skip non existing resourceDirectory C:\Users\Usuario\Desktop\Tercer Año\OO2\ejercicio_1\src\main\resources
2024-03-20 14:13:15,100 [Worker-36: Launching ejercicio_1] INFO  o.e.m.c.i.embedder.EclipseLogger - Using 'UTF-8' encoding to copy filtered resources.
2024-03-20 14:13:15,100 [Worker-36: Launching ejercicio_1] INFO  o.e.m.c.i.embedder.EclipseLogger - skip non existing resourceDirectory C:\Users\Usuario\Desktop\Tercer Año\OO2\ejercicio_1\src\test\resources
2024-03-20 14:14:02,875 [Worker-37: Launching ejercicio_1] INFO  o.e.m.c.i.embedder.EclipseLogger - Using 'UTF-8' encoding to copy filtered resources.
2024-03-20 14:14:02,876 [Worker-37: Launching ejercicio_1] INFO  o.e.m.c.i.embedder.EclipseLogger - skip non existing resourceDirectory C:\Users\Usuario\Desktop\Tercer Año\OO2\ejercicio_1\src\main\resources
2024-03-20 14:14:02,877 [Worker-37: Launching ejercicio_1] INFO  o.e.m.c.i.embedder.EclipseLogger - Using 'UTF-8' encoding to copy filtered resources.
2024-03-20 14:14:02,877 [Worker-37: Launching ejercicio_1] INFO  o.e.m.c.i.embedder.EclipseLogger - skip non existing resourceDirectory C:\Users\Usuario\Desktop\Tercer Año\OO2\ejercicio_1\src\test\resources
2024-03-20 14:15:21,932 [Worker-35: Launching ejercicio_1] INFO  o.e.m.c.i.embedder.EclipseLogger - Using 'UTF-8' encoding to copy filtered resources.
2024-03-20 14:15:21,933 [Worker-35: Launching ejercicio_1] INFO  o.e.m.c.i.embedder.EclipseLogger - skip non existing resourceDirectory C:\Users\Usuario\Desktop\Tercer Año\OO2\ejercicio_1\src\main\resources
2024-03-20 14:15:21,934 [Worker-35: Launching ejercicio_1] INFO  o.e.m.c.i.embedder.EclipseLogger - Using 'UTF-8' encoding to copy filtered resources.
2024-03-20 14:15:21,934 [Worker-35: Launching ejercicio_1] INFO  o.e.m.c.i.embedder.EclipseLogger - skip non existing resourceDirectory C:\Users\Usuario\Desktop\Tercer Año\OO2\ejercicio_1\src\test\resources
2024-03-20 14:15:56,733 [Worker-39: Launching ejercicio_1] INFO  o.e.m.c.i.embedder.EclipseLogger - Using 'UTF-8' encoding to copy filtered resources.
2024-03-20 14:15:56,734 [Worker-39: Launching ejercicio_1] INFO  o.e.m.c.i.embedder.EclipseLogger - skip non existing resourceDirectory C:\Users\Usuario\Desktop\Tercer Año\OO2\ejercicio_1\src\main\resources
2024-03-20 14:15:56,735 [Worker-39: Launching ejercicio_1] INFO  o.e.m.c.i.embedder.EclipseLogger - Using 'UTF-8' encoding to copy filtered resources.
2024-03-20 14:15:56,735 [Worker-39: Launching ejercicio_1] INFO  o.e.m.c.i.embedder.EclipseLogger - skip non existing resourceDirectory C:\Users\Usuario\Desktop\Tercer Año\OO2\ejercicio_1\src\test\resources
2024-03-20 14:16:14,973 [Worker-37: Launching ejercicio_1] INFO  o.e.m.c.i.embedder.EclipseLogger - Using 'UTF-8' encoding to copy filtered resources.
2024-03-20 14:16:14,973 [Worker-37: Launching ejercicio_1] INFO  o.e.m.c.i.embedder.EclipseLogger - skip non existing resourceDirectory C:\Users\Usuario\Desktop\Tercer Año\OO2\ejercicio_1\src\main\resources
2024-03-20 14:16:14,975 [Worker-37: Launching ejercicio_1] INFO  o.e.m.c.i.embedder.EclipseLogger - Using 'UTF-8' encoding to copy filtered resources.
2024-03-20 14:16:14,975 [Worker-37: Launching ejercicio_1] INFO  o.e.m.c.i.embedder.EclipseLogger - skip non existing resourceDirectory C:\Users\Usuario\Desktop\Tercer Año\OO2\ejercicio_1\src\test\resources
2024-03-20 14:16:56,723 [Worker-37: Launching ejercicio_1] INFO  o.e.m.c.i.embedder.EclipseLogger - Using 'UTF-8' encoding to copy filtered resources.
2024-03-20 14:16:56,724 [Worker-37: Launching ejercicio_1] INFO  o.e.m.c.i.embedder.EclipseLogger - skip non existing resourceDirectory C:\Users\Usuario\Desktop\Tercer Año\OO2\ejercicio_1\src\main\resources
2024-03-20 14:16:56,725 [Worker-37: Launching ejercicio_1] INFO  o.e.m.c.i.embedder.EclipseLogger - Using 'UTF-8' encoding to copy filtered resources.
2024-03-20 14:16:56,725 [Worker-37: Launching ejercicio_1] INFO  o.e.m.c.i.embedder.EclipseLogger - skip non existing resourceDirectory C:\Users\Usuario\Desktop\Tercer Año\OO2\ejercicio_1\src\test\resources
2024-03-20 14:29:15,014 [Worker-40: Launching ejercicio_1] INFO  o.e.m.c.i.embedder.EclipseLogger - Using 'UTF-8' encoding to copy filtered resources.
2024-03-20 14:29:15,014 [Worker-40: Launching ejercicio_1] INFO  o.e.m.c.i.embedder.EclipseLogger - skip non existing resourceDirectory C:\Users\Usuario\Desktop\Tercer Año\OO2\ejercicio_1\src\main\resources
2024-03-20 14:29:15,016 [Worker-40: Launching ejercicio_1] INFO  o.e.m.c.i.embedder.EclipseLogger - Using 'UTF-8' encoding to copy filtered resources.
2024-03-20 14:29:15,017 [Worker-40: Launching ejercicio_1] INFO  o.e.m.c.i.embedder.EclipseLogger - skip non existing resourceDirectory C:\Users\Usuario\Desktop\Tercer Año\OO2\ejercicio_1\src\test\resources
2024-03-20 14:30:22,212 [Worker-32: Launching ejercicio_1] INFO  o.e.m.c.i.embedder.EclipseLogger - Using 'UTF-8' encoding to copy filtered resources.
2024-03-20 14:30:22,212 [Worker-32: Launching ejercicio_1] INFO  o.e.m.c.i.embedder.EclipseLogger - skip non existing resourceDirectory C:\Users\Usuario\Desktop\Tercer Año\OO2\ejercicio_1\src\main\resources
2024-03-20 14:30:22,213 [Worker-32: Launching ejercicio_1] INFO  o.e.m.c.i.embedder.EclipseLogger - Using 'UTF-8' encoding to copy filtered resources.
2024-03-20 14:30:22,213 [Worker-32: Launching ejercicio_1] INFO  o.e.m.c.i.embedder.EclipseLogger - skip non existing resourceDirectory C:\Users\Usuario\Desktop\Tercer Año\OO2\ejercicio_1\src\test\resources
2024-04-03 13:59:48,927 [Worker-6: Loading available Gradle versions] INFO  o.e.b.c.i.u.g.PublishedGradleVersions - Gradle version information cache is out-of-date. Trying to update.
2024-04-03 14:00:59,613 [Worker-26: Update Maven projects configuration] INFO  o.e.m.c.i.p.ProjectConfigurationManager - Update started
2024-04-03 14:01:02,593 [Worker-26: Update Maven projects configuration] INFO  o.e.m.c.i.l.LifecycleMappingFactory - Using org.eclipse.m2e.jdt.JarLifecycleMapping lifecycle mapping for MavenProject: ar.edu.unlp.info.oo2:biblioteca:0.0.2 @ C:\Users\Usuario\Desktop\Tercer Año\OO2\ej-biblioteca\pom.xml.
2024-04-03 14:01:03,738 [Worker-26: Update Maven projects configuration] INFO  o.e.m.j.i.AbstractJavaProjectConfigurator - Adding source folder /ej-biblioteca/src/main/java
2024-04-03 14:01:03,743 [Worker-26: Update Maven projects configuration] INFO  o.e.m.j.i.AbstractJavaProjectConfigurator - Adding source folder /ej-biblioteca/src/test/java
2024-04-03 14:01:03,848 [Worker-26: Update Maven projects configuration] INFO  o.e.m.c.i.p.ProjectConfigurationManager - Update completed for 1 poms: local refresh takes 0.00 sec, refresh facades takes 3.00 sec, update config takes 0.00 sec 
2024-04-03 14:33:40,683 [Worker-2: Loading available Gradle versions] INFO  o.e.b.c.i.u.g.PublishedGradleVersions - Gradle version information cache is up-to-date. Trying to read.
2024-04-03 14:37:34,637 [Worker-5: Loading available Gradle versions] INFO  o.e.b.c.i.u.g.PublishedGradleVersions - Gradle version information cache is up-to-date. Trying to read.
2024-04-03 15:00:08,159 [Worker-36: Creating project "ejercicio5"] INFO  o.e.m.c.i.l.LifecycleMappingFactory - Using org.eclipse.m2e.jdt.JarLifecycleMapping lifecycle mapping for MavenProject: ar.edu.unlp.info.oo2:ejercicio5:0.0.1-SNAPSHOT @ C:\Users\Usuario\Desktop\Tercer Año\OO2\ejercicio5\pom.xml.
2024-04-03 15:00:08,412 [Worker-36: Creating project "ejercicio5"] INFO  o.e.m.j.i.AbstractJavaProjectConfigurator - Adding source folder /ejercicio5/src/main/java
2024-04-03 15:00:08,413 [Worker-36: Creating project "ejercicio5"] INFO  o.e.m.j.i.AbstractJavaProjectConfigurator - Adding resource folder /ejercicio5/src/main/resources
2024-04-03 15:00:08,414 [Worker-36: Creating project "ejercicio5"] INFO  o.e.m.j.i.AbstractJavaProjectConfigurator - Adding source folder /ejercicio5/src/test/java
2024-04-03 15:00:08,414 [Worker-36: Creating project "ejercicio5"] INFO  o.e.m.j.i.AbstractJavaProjectConfigurator - Adding resource folder /ejercicio5/src/test/resources
2024-04-03 15:03:59,611 [Worker-36: Creating project "ejercicio52"] INFO  o.e.m.c.i.l.LifecycleMappingFactory - Using org.eclipse.m2e.jdt.JarLifecycleMapping lifecycle mapping for MavenProject: ar.edu.unlp.info.oo2:ejercicio52:0.0.1-SNAPSHOT @ C:\Users\Usuario\Desktop\Tercer Año\OO2\ejercicio52\pom.xml.
2024-04-03 15:03:59,757 [Worker-36: Creating project "ejercicio52"] INFO  o.e.m.j.i.AbstractJavaProjectConfigurator - Adding source folder /ejercicio52/src/main/java
2024-04-03 15:03:59,757 [Worker-36: Creating project "ejercicio52"] INFO  o.e.m.j.i.AbstractJavaProjectConfigurator - Adding resource folder /ejercicio52/src/main/resources
2024-04-03 15:03:59,757 [Worker-36: Creating project "ejercicio52"] INFO  o.e.m.j.i.AbstractJavaProjectConfigurator - Adding source folder /ejercicio52/src/test/java
2024-04-03 15:03:59,757 [Worker-36: Creating project "ejercicio52"] INFO  o.e.m.j.i.AbstractJavaProjectConfigurator - Adding resource folder /ejercicio52/src/test/resources
2024-04-03 15:09:40,908 [ModalContext] WARN  o.e.m.c.i.embedder.EclipseLogger - The POM for ar.edu.unlp.info.oo2:objetos-dos:jar:0.0.2 is missing, no dependency information available
2024-04-03 15:10:03,538 [Worker-46: Launching mavenrun-8bffb41d-f915-47f8-a77e-ff4783ea1dd4] INFO  o.eclipse.m2e.core.internal.Bundles - getClasspathEntries(Bundle=org.eclipse.m2e.maven.runtime_3.8.701.20230209-1606 [274])
2024-04-03 15:10:03,547 [Worker-46: Launching mavenrun-8bffb41d-f915-47f8-a77e-ff4783ea1dd4] INFO  o.eclipse.m2e.core.internal.Bundles - 	Entry: C:\Users\Usuario\Desktop\Tercer Año\OO2\eclipse\plugins\org.eclipse.m2e.maven.runtime_3.8.701.20230209-1606
2024-04-03 15:10:03,548 [Worker-46: Launching mavenrun-8bffb41d-f915-47f8-a77e-ff4783ea1dd4] INFO  o.eclipse.m2e.core.internal.Bundles - 	Entry: C:\Users\Usuario\Desktop\Tercer Año\OO2\eclipse\plugins\org.eclipse.m2e.maven.runtime_3.8.701.20230209-1606\jars\aether-connector-okhttp-0.17.8.jar
2024-04-03 15:10:03,548 [Worker-46: Launching mavenrun-8bffb41d-f915-47f8-a77e-ff4783ea1dd4] INFO  o.eclipse.m2e.core.internal.Bundles - 	Entry: C:\Users\Usuario\Desktop\Tercer Año\OO2\eclipse\plugins\org.eclipse.m2e.maven.runtime_3.8.701.20230209-1606\jars\commons-lang3-3.8.1.jar
2024-04-03 15:10:03,548 [Worker-46: Launching mavenrun-8bffb41d-f915-47f8-a77e-ff4783ea1dd4] INFO  o.eclipse.m2e.core.internal.Bundles - 	Entry: C:\Users\Usuario\Desktop\Tercer Año\OO2\eclipse\plugins\org.eclipse.m2e.maven.runtime_3.8.701.20230209-1606\jars\guice-4.2.2-no_aop.jar
2024-04-03 15:10:03,548 [Worker-46: Launching mavenrun-8bffb41d-f915-47f8-a77e-ff4783ea1dd4] INFO  o.eclipse.m2e.core.internal.Bundles - 	Entry: C:\Users\Usuario\Desktop\Tercer Año\OO2\eclipse\plugins\org.eclipse.m2e.maven.runtime_3.8.701.20230209-1606\jars\jansi-2.4.0.jar
2024-04-03 15:10:03,548 [Worker-46: Launching mavenrun-8bffb41d-f915-47f8-a77e-ff4783ea1dd4] INFO  o.eclipse.m2e.core.internal.Bundles - 	Entry: C:\Users\Usuario\Desktop\Tercer Año\OO2\eclipse\plugins\org.eclipse.m2e.maven.runtime_3.8.701.20230209-1606\jars\maven-artifact-3.8.7.jar
2024-04-03 15:10:03,549 [Worker-46: Launching mavenrun-8bffb41d-f915-47f8-a77e-ff4783ea1dd4] INFO  o.eclipse.m2e.core.internal.Bundles - 	Entry: C:\Users\Usuario\Desktop\Tercer Año\OO2\eclipse\plugins\org.eclipse.m2e.maven.runtime_3.8.701.20230209-1606\jars\maven-builder-support-3.8.7.jar
2024-04-03 15:10:03,549 [Worker-46: Launching mavenrun-8bffb41d-f915-47f8-a77e-ff4783ea1dd4] INFO  o.eclipse.m2e.core.internal.Bundles - 	Entry: C:\Users\Usuario\Desktop\Tercer Año\OO2\eclipse\plugins\org.eclipse.m2e.maven.runtime_3.8.701.20230209-1606\jars\maven-compat-3.8.7.jar
2024-04-03 15:10:03,549 [Worker-46: Launching mavenrun-8bffb41d-f915-47f8-a77e-ff4783ea1dd4] INFO  o.eclipse.m2e.core.internal.Bundles - 	Entry: C:\Users\Usuario\Desktop\Tercer Año\OO2\eclipse\plugins\org.eclipse.m2e.maven.runtime_3.8.701.20230209-1606\jars\maven-core-3.8.7.jar
2024-04-03 15:10:03,549 [Worker-46: Launching mavenrun-8bffb41d-f915-47f8-a77e-ff4783ea1dd4] INFO  o.eclipse.m2e.core.internal.Bundles - 	Entry: C:\Users\Usuario\Desktop\Tercer Año\OO2\eclipse\plugins\org.eclipse.m2e.maven.runtime_3.8.701.20230209-1606\jars\maven-embedder-3.8.7.jar
2024-04-03 15:10:03,549 [Worker-46: Launching mavenrun-8bffb41d-f915-47f8-a77e-ff4783ea1dd4] INFO  o.eclipse.m2e.core.internal.Bundles - 	Entry: C:\Users\Usuario\Desktop\Tercer Año\OO2\eclipse\plugins\org.eclipse.m2e.maven.runtime_3.8.701.20230209-1606\jars\maven-model-3.8.7.jar
2024-04-03 15:10:03,550 [Worker-46: Launching mavenrun-8bffb41d-f915-47f8-a77e-ff4783ea1dd4] INFO  o.eclipse.m2e.core.internal.Bundles - 	Entry: C:\Users\Usuario\Desktop\Tercer Año\OO2\eclipse\plugins\org.eclipse.m2e.maven.runtime_3.8.701.20230209-1606\jars\maven-model-builder-3.8.7.jar
2024-04-03 15:10:03,550 [Worker-46: Launching mavenrun-8bffb41d-f915-47f8-a77e-ff4783ea1dd4] INFO  o.eclipse.m2e.core.internal.Bundles - 	Entry: C:\Users\Usuario\Desktop\Tercer Año\OO2\eclipse\plugins\org.eclipse.m2e.maven.runtime_3.8.701.20230209-1606\jars\maven-plugin-api-3.8.7.jar
2024-04-03 15:10:03,550 [Worker-46: Launching mavenrun-8bffb41d-f915-47f8-a77e-ff4783ea1dd4] INFO  o.eclipse.m2e.core.internal.Bundles - 	Entry: C:\Users\Usuario\Desktop\Tercer Año\OO2\eclipse\plugins\org.eclipse.m2e.maven.runtime_3.8.701.20230209-1606\jars\maven-repository-metadata-3.8.7.jar
2024-04-03 15:10:03,550 [Worker-46: Launching mavenrun-8bffb41d-f915-47f8-a77e-ff4783ea1dd4] INFO  o.eclipse.m2e.core.internal.Bundles - 	Entry: C:\Users\Usuario\Desktop\Tercer Año\OO2\eclipse\plugins\org.eclipse.m2e.maven.runtime_3.8.701.20230209-1606\jars\maven-resolver-api-1.6.3.jar
2024-04-03 15:10:03,551 [Worker-46: Launching mavenrun-8bffb41d-f915-47f8-a77e-ff4783ea1dd4] INFO  o.eclipse.m2e.core.internal.Bundles - 	Entry: C:\Users\Usuario\Desktop\Tercer Año\OO2\eclipse\plugins\org.eclipse.m2e.maven.runtime_3.8.701.20230209-1606\jars\maven-resolver-connector-basic-1.6.3.jar
2024-04-03 15:10:03,551 [Worker-46: Launching mavenrun-8bffb41d-f915-47f8-a77e-ff4783ea1dd4] INFO  o.eclipse.m2e.core.internal.Bundles - 	Entry: C:\Users\Usuario\Desktop\Tercer Año\OO2\eclipse\plugins\org.eclipse.m2e.maven.runtime_3.8.701.20230209-1606\jars\maven-resolver-impl-1.6.3.jar
2024-04-03 15:10:03,551 [Worker-46: Launching mavenrun-8bffb41d-f915-47f8-a77e-ff4783ea1dd4] INFO  o.eclipse.m2e.core.internal.Bundles - 	Entry: C:\Users\Usuario\Desktop\Tercer Año\OO2\eclipse\plugins\org.eclipse.m2e.maven.runtime_3.8.701.20230209-1606\jars\maven-resolver-provider-3.8.7.jar
2024-04-03 15:10:03,551 [Worker-46: Launching mavenrun-8bffb41d-f915-47f8-a77e-ff4783ea1dd4] INFO  o.eclipse.m2e.core.internal.Bundles - 	Entry: C:\Users\Usuario\Desktop\Tercer Año\OO2\eclipse\plugins\org.eclipse.m2e.maven.runtime_3.8.701.20230209-1606\jars\maven-resolver-spi-1.6.3.jar
2024-04-03 15:10:03,551 [Worker-46: Launching mavenrun-8bffb41d-f915-47f8-a77e-ff4783ea1dd4] INFO  o.eclipse.m2e.core.internal.Bundles - 	Entry: C:\Users\Usuario\Desktop\Tercer Año\OO2\eclipse\plugins\org.eclipse.m2e.maven.runtime_3.8.701.20230209-1606\jars\maven-resolver-transport-wagon-1.6.3.jar
2024-04-03 15:10:03,552 [Worker-46: Launching mavenrun-8bffb41d-f915-47f8-a77e-ff4783ea1dd4] INFO  o.eclipse.m2e.core.internal.Bundles - 	Entry: C:\Users\Usuario\Desktop\Tercer Año\OO2\eclipse\plugins\org.eclipse.m2e.maven.runtime_3.8.701.20230209-1606\jars\maven-resolver-util-1.6.3.jar
2024-04-03 15:10:03,552 [Worker-46: Launching mavenrun-8bffb41d-f915-47f8-a77e-ff4783ea1dd4] INFO  o.eclipse.m2e.core.internal.Bundles - 	Entry: C:\Users\Usuario\Desktop\Tercer Año\OO2\eclipse\plugins\org.eclipse.m2e.maven.runtime_3.8.701.20230209-1606\jars\maven-settings-3.8.7.jar
2024-04-03 15:10:03,552 [Worker-46: Launching mavenrun-8bffb41d-f915-47f8-a77e-ff4783ea1dd4] INFO  o.eclipse.m2e.core.internal.Bundles - 	Entry: C:\Users\Usuario\Desktop\Tercer Año\OO2\eclipse\plugins\org.eclipse.m2e.maven.runtime_3.8.701.20230209-1606\jars\maven-settings-builder-3.8.7.jar
2024-04-03 15:10:03,552 [Worker-46: Launching mavenrun-8bffb41d-f915-47f8-a77e-ff4783ea1dd4] INFO  o.eclipse.m2e.core.internal.Bundles - 	Entry: C:\Users\Usuario\Desktop\Tercer Año\OO2\eclipse\plugins\org.eclipse.m2e.maven.runtime_3.8.701.20230209-1606\jars\maven-shared-utils-3.3.4.jar
2024-04-03 15:10:03,552 [Worker-46: Launching mavenrun-8bffb41d-f915-47f8-a77e-ff4783ea1dd4] INFO  o.eclipse.m2e.core.internal.Bundles - 	Entry: C:\Users\Usuario\Desktop\Tercer Año\OO2\eclipse\plugins\org.eclipse.m2e.maven.runtime_3.8.701.20230209-1606\jars\okhttp-3.14.1.jar
2024-04-03 15:10:03,553 [Worker-46: Launching mavenrun-8bffb41d-f915-47f8-a77e-ff4783ea1dd4] INFO  o.eclipse.m2e.core.internal.Bundles - 	Entry: C:\Users\Usuario\Desktop\Tercer Año\OO2\eclipse\plugins\org.eclipse.m2e.maven.runtime_3.8.701.20230209-1606\jars\okio-1.17.3.jar
2024-04-03 15:10:03,553 [Worker-46: Launching mavenrun-8bffb41d-f915-47f8-a77e-ff4783ea1dd4] INFO  o.eclipse.m2e.core.internal.Bundles - 	Entry: C:\Users\Usuario\Desktop\Tercer Año\OO2\eclipse\plugins\org.eclipse.m2e.maven.runtime_3.8.701.20230209-1606\jars\org.eclipse.sisu.inject-0.3.5.jar
2024-04-03 15:10:03,553 [Worker-46: Launching mavenrun-8bffb41d-f915-47f8-a77e-ff4783ea1dd4] INFO  o.eclipse.m2e.core.internal.Bundles - 	Entry: C:\Users\Usuario\Desktop\Tercer Año\OO2\eclipse\plugins\org.eclipse.m2e.maven.runtime_3.8.701.20230209-1606\jars\org.eclipse.sisu.plexus-0.3.5.jar
2024-04-03 15:10:03,553 [Worker-46: Launching mavenrun-8bffb41d-f915-47f8-a77e-ff4783ea1dd4] INFO  o.eclipse.m2e.core.internal.Bundles - 	Entry: C:\Users\Usuario\Desktop\Tercer Año\OO2\eclipse\plugins\org.eclipse.m2e.maven.runtime_3.8.701.20230209-1606\jars\plexus-build-api-0.0.7.jar
2024-04-03 15:10:03,553 [Worker-46: Launching mavenrun-8bffb41d-f915-47f8-a77e-ff4783ea1dd4] INFO  o.eclipse.m2e.core.internal.Bundles - 	Entry: C:\Users\Usuario\Desktop\Tercer Año\OO2\eclipse\plugins\org.eclipse.m2e.maven.runtime_3.8.701.20230209-1606\jars\plexus-cipher-2.0.jar
2024-04-03 15:10:03,554 [Worker-46: Launching mavenrun-8bffb41d-f915-47f8-a77e-ff4783ea1dd4] INFO  o.eclipse.m2e.core.internal.Bundles - 	Entry: C:\Users\Usuario\Desktop\Tercer Año\OO2\eclipse\plugins\org.eclipse.m2e.maven.runtime_3.8.701.20230209-1606\jars\plexus-classworlds-2.6.0.jar
2024-04-03 15:10:03,554 [Worker-46: Launching mavenrun-8bffb41d-f915-47f8-a77e-ff4783ea1dd4] INFO  o.eclipse.m2e.core.internal.Bundles - 	Entry: C:\Users\Usuario\Desktop\Tercer Año\OO2\eclipse\plugins\org.eclipse.m2e.maven.runtime_3.8.701.20230209-1606\jars\plexus-component-annotations-2.1.0.jar
2024-04-03 15:10:03,554 [Worker-46: Launching mavenrun-8bffb41d-f915-47f8-a77e-ff4783ea1dd4] INFO  o.eclipse.m2e.core.internal.Bundles - 	Entry: C:\Users\Usuario\Desktop\Tercer Año\OO2\eclipse\plugins\org.eclipse.m2e.maven.runtime_3.8.701.20230209-1606\jars\plexus-interpolation-1.26.jar
2024-04-03 15:10:03,554 [Worker-46: Launching mavenrun-8bffb41d-f915-47f8-a77e-ff4783ea1dd4] INFO  o.eclipse.m2e.core.internal.Bundles - 	Entry: C:\Users\Usuario\Desktop\Tercer Año\OO2\eclipse\plugins\org.eclipse.m2e.maven.runtime_3.8.701.20230209-1606\jars\plexus-sec-dispatcher-2.0.jar
2024-04-03 15:10:03,555 [Worker-46: Launching mavenrun-8bffb41d-f915-47f8-a77e-ff4783ea1dd4] INFO  o.eclipse.m2e.core.internal.Bundles - 	Entry: C:\Users\Usuario\Desktop\Tercer Año\OO2\eclipse\plugins\org.eclipse.m2e.maven.runtime_3.8.701.20230209-1606\jars\plexus-utils-3.3.1.jar
2024-04-03 15:10:03,555 [Worker-46: Launching mavenrun-8bffb41d-f915-47f8-a77e-ff4783ea1dd4] INFO  o.eclipse.m2e.core.internal.Bundles - 	Entry: C:\Users\Usuario\Desktop\Tercer Año\OO2\eclipse\plugins\org.eclipse.m2e.maven.runtime_3.8.701.20230209-1606\jars\wagon-file-3.5.3.jar
2024-04-03 15:10:03,555 [Worker-46: Launching mavenrun-8bffb41d-f915-47f8-a77e-ff4783ea1dd4] INFO  o.eclipse.m2e.core.internal.Bundles - 	Entry: C:\Users\Usuario\Desktop\Tercer Año\OO2\eclipse\plugins\org.eclipse.m2e.maven.runtime_3.8.701.20230209-1606\jars\wagon-provider-api-3.5.3.jar
2024-04-03 15:10:03,556 [Worker-46: Launching mavenrun-8bffb41d-f915-47f8-a77e-ff4783ea1dd4] INFO  o.eclipse.m2e.core.internal.Bundles - getClasspathEntries(Bundle=com.google.guava_31.1.0.jre [9])
2024-04-03 15:10:03,557 [Worker-46: Launching mavenrun-8bffb41d-f915-47f8-a77e-ff4783ea1dd4] INFO  o.eclipse.m2e.core.internal.Bundles - 	Entry: C:\Users\Usuario\Desktop\Tercer Año\OO2\eclipse\plugins\com.google.guava_31.1.0.jre.jar
2024-04-03 15:10:03,557 [Worker-46: Launching mavenrun-8bffb41d-f915-47f8-a77e-ff4783ea1dd4] INFO  o.eclipse.m2e.core.internal.Bundles - getClasspathEntries(Bundle=slf4j.api_1.7.36 [442])
2024-04-03 15:10:03,557 [Worker-46: Launching mavenrun-8bffb41d-f915-47f8-a77e-ff4783ea1dd4] INFO  o.eclipse.m2e.core.internal.Bundles - 	Entry: C:\Users\Usuario\Desktop\Tercer Año\OO2\eclipse\plugins\slf4j.api_1.7.36.jar
2024-04-03 15:10:03,557 [Worker-46: Launching mavenrun-8bffb41d-f915-47f8-a77e-ff4783ea1dd4] INFO  o.eclipse.m2e.core.internal.Bundles - getClasspathEntries(Bundle=javax.inject_1.0.0.v20220405-0441 [21])
2024-04-03 15:10:03,558 [Worker-46: Launching mavenrun-8bffb41d-f915-47f8-a77e-ff4783ea1dd4] INFO  o.eclipse.m2e.core.internal.Bundles - 	Entry: C:\Users\Usuario\Desktop\Tercer Año\OO2\eclipse\plugins\javax.inject_1.0.0.v20220405-0441.jar
2024-04-03 15:10:03,558 [Worker-46: Launching mavenrun-8bffb41d-f915-47f8-a77e-ff4783ea1dd4] INFO  o.eclipse.m2e.core.internal.Bundles - getClasspathEntries(Bundle=javax.annotation_1.3.5.v20221203-1659 [19])
2024-04-03 15:10:03,559 [Worker-46: Launching mavenrun-8bffb41d-f915-47f8-a77e-ff4783ea1dd4] INFO  o.eclipse.m2e.core.internal.Bundles - 	Entry: C:\Users\Usuario\Desktop\Tercer Año\OO2\eclipse\plugins\javax.annotation_1.3.5.v20221203-1659.jar
2024-04-03 15:10:03,559 [Worker-46: Launching mavenrun-8bffb41d-f915-47f8-a77e-ff4783ea1dd4] INFO  o.eclipse.m2e.core.internal.Bundles - getClasspathEntries(Bundle=org.apache.commons.cli_1.4.0.v20221112-0806 [41])
2024-04-03 15:10:03,561 [Worker-46: Launching mavenrun-8bffb41d-f915-47f8-a77e-ff4783ea1dd4] INFO  o.eclipse.m2e.core.internal.Bundles - 	Entry: C:\Users\Usuario\Desktop\Tercer Año\OO2\eclipse\plugins\org.apache.commons.cli_1.4.0.v20221112-0806.jar
2024-04-03 15:10:03,561 [Worker-46: Launching mavenrun-8bffb41d-f915-47f8-a77e-ff4783ea1dd4] INFO  o.eclipse.m2e.core.internal.Bundles - getClasspathEntries(Bundle=com.google.guava.failureaccess_1.0.1 [11])
2024-04-03 15:10:03,561 [Worker-46: Launching mavenrun-8bffb41d-f915-47f8-a77e-ff4783ea1dd4] INFO  o.eclipse.m2e.core.internal.Bundles - 	Entry: C:\Users\Usuario\Desktop\Tercer Año\OO2\eclipse\plugins\com.google.guava.failureaccess_1.0.1.jar
2024-04-03 15:10:03,564 [Worker-46: Launching mavenrun-8bffb41d-f915-47f8-a77e-ff4783ea1dd4] INFO  o.e.m.i.launch.MavenLaunchDelegate - Run build in "C:\Users\Usuario\AppData\Local\Temp\m2e-archetypeGenerator4236278969614617033":
2024-04-03 15:10:03,567 [Worker-46: Launching mavenrun-8bffb41d-f915-47f8-a77e-ff4783ea1dd4] INFO  o.e.m.i.launch.MavenLaunchDelegate -  mvn  -DarchetypeGroupId=ar.edu.unlp.info.oo2 -DarchetypeArtifactId=objetos-dos -DarchetypeVersion=0.0.2 -DgroupId=ar.edu.unlp.info.oo2 -DartifactId=ejercicio5 -Dversion=0.0.1-SNAPSHOT -Dpackage=ar.edu.unlp.info.oo2.ejercicio5 -DoutputDirectory="C:\Users\Usuario\Desktop\Tercer Año\OO2" -Dstyle.color=always -U archetype:generate
2024-04-03 15:10:49,419 [ModalContext] WARN  o.e.m.c.i.embedder.EclipseLogger - The POM for ar.edu.unlp.info.oo2:objetos-dos:jar:0.0.2 is missing, no dependency information available
2024-04-03 15:10:55,177 [Worker-55: Launching mavenrun-4070eb63-5701-4641-bf21-342e6ae3ed27] INFO  o.e.m.i.launch.MavenLaunchDelegate - Run build in "C:\Users\Usuario\AppData\Local\Temp\m2e-archetypeGenerator10043655447516769120":
2024-04-03 15:10:55,177 [Worker-55: Launching mavenrun-4070eb63-5701-4641-bf21-342e6ae3ed27] INFO  o.e.m.i.launch.MavenLaunchDelegate -  mvn  -DarchetypeGroupId=ar.edu.unlp.info.oo2 -DarchetypeArtifactId=objetos-dos -DarchetypeVersion=0.0.2 -DgroupId=ar.edu.unlp.info.oo2 -DartifactId=ejercicio5 -Dversion=0.0.1-SNAPSHOT -Dpackage=ar.edu.unlp.info.oo2.ejercicio5 -DoutputDirectory="C:\Users\Usuario\Desktop\Tercer Año\OO2" -Dstyle.color=always -U archetype:generate
2024-04-03 15:11:00,350 [Worker-54: Creating objetos-dos] INFO  o.e.m.c.i.p.ProjectConfigurationManager - Collecting project info '/pom.xml' C:\Users\Usuario\Desktop\Tercer Año\OO2\ejercicio5\pom.xml
2024-04-03 15:11:00,547 [Worker-54: Creating objetos-dos] INFO  o.e.m.c.i.l.LifecycleMappingFactory - Using org.eclipse.m2e.jdt.JarLifecycleMapping lifecycle mapping for MavenProject: ar.edu.unlp.info.oo2:ejercicio5:0.0.1-SNAPSHOT @ C:\Users\Usuario\Desktop\Tercer Año\OO2\ejercicio5\pom.xml.
2024-04-03 15:11:00,728 [Worker-54: Creating objetos-dos] INFO  o.e.m.j.i.AbstractJavaProjectConfigurator - Adding source folder /ejercicio5/src/main/java
2024-04-03 15:11:00,729 [Worker-54: Creating objetos-dos] INFO  o.e.m.j.i.AbstractJavaProjectConfigurator - Adding source folder /ejercicio5/src/test/java
2024-04-03 15:11:00,757 [Worker-54: Creating objetos-dos] INFO  o.e.m.c.i.p.ProjectConfigurationManager - Imported and configured 1 project(s) in 0 sec
2024-04-12 12:38:12,072 [Worker-2: Loading available Gradle versions] INFO  o.e.b.c.i.u.g.PublishedGradleVersions - Gradle version information cache is out-of-date. Trying to update.
2024-04-12 12:49:16,489 [ModalContext] WARN  o.e.m.c.i.embedder.EclipseLogger - The POM for ar.edu.unlp.info.oo2:objetos-dos:jar:0.0.2 is missing, no dependency information available
2024-04-12 12:49:36,065 [Worker-14: Launching mavenrun-94c8a203-aa57-49cf-8c2e-bb55c9cdd8b4] INFO  o.eclipse.m2e.core.internal.Bundles - getClasspathEntries(Bundle=org.eclipse.m2e.maven.runtime_3.8.701.20230209-1606 [274])
2024-04-12 12:49:36,078 [Worker-14: Launching mavenrun-94c8a203-aa57-49cf-8c2e-bb55c9cdd8b4] INFO  o.eclipse.m2e.core.internal.Bundles - 	Entry: C:\Users\Usuario\Desktop\Tercer Año\OO2\eclipse\plugins\org.eclipse.m2e.maven.runtime_3.8.701.20230209-1606
2024-04-12 12:49:36,078 [Worker-14: Launching mavenrun-94c8a203-aa57-49cf-8c2e-bb55c9cdd8b4] INFO  o.eclipse.m2e.core.internal.Bundles - 	Entry: C:\Users\Usuario\Desktop\Tercer Año\OO2\eclipse\plugins\org.eclipse.m2e.maven.runtime_3.8.701.20230209-1606\jars\aether-connector-okhttp-0.17.8.jar
2024-04-12 12:49:36,078 [Worker-14: Launching mavenrun-94c8a203-aa57-49cf-8c2e-bb55c9cdd8b4] INFO  o.eclipse.m2e.core.internal.Bundles - 	Entry: C:\Users\Usuario\Desktop\Tercer Año\OO2\eclipse\plugins\org.eclipse.m2e.maven.runtime_3.8.701.20230209-1606\jars\commons-lang3-3.8.1.jar
2024-04-12 12:49:36,079 [Worker-14: Launching mavenrun-94c8a203-aa57-49cf-8c2e-bb55c9cdd8b4] INFO  o.eclipse.m2e.core.internal.Bundles - 	Entry: C:\Users\Usuario\Desktop\Tercer Año\OO2\eclipse\plugins\org.eclipse.m2e.maven.runtime_3.8.701.20230209-1606\jars\guice-4.2.2-no_aop.jar
2024-04-12 12:49:36,079 [Worker-14: Launching mavenrun-94c8a203-aa57-49cf-8c2e-bb55c9cdd8b4] INFO  o.eclipse.m2e.core.internal.Bundles - 	Entry: C:\Users\Usuario\Desktop\Tercer Año\OO2\eclipse\plugins\org.eclipse.m2e.maven.runtime_3.8.701.20230209-1606\jars\jansi-2.4.0.jar
2024-04-12 12:49:36,080 [Worker-14: Launching mavenrun-94c8a203-aa57-49cf-8c2e-bb55c9cdd8b4] INFO  o.eclipse.m2e.core.internal.Bundles - 	Entry: C:\Users\Usuario\Desktop\Tercer Año\OO2\eclipse\plugins\org.eclipse.m2e.maven.runtime_3.8.701.20230209-1606\jars\maven-artifact-3.8.7.jar
2024-04-12 12:49:36,080 [Worker-14: Launching mavenrun-94c8a203-aa57-49cf-8c2e-bb55c9cdd8b4] INFO  o.eclipse.m2e.core.internal.Bundles - 	Entry: C:\Users\Usuario\Desktop\Tercer Año\OO2\eclipse\plugins\org.eclipse.m2e.maven.runtime_3.8.701.20230209-1606\jars\maven-builder-support-3.8.7.jar
2024-04-12 12:49:36,080 [Worker-14: Launching mavenrun-94c8a203-aa57-49cf-8c2e-bb55c9cdd8b4] INFO  o.eclipse.m2e.core.internal.Bundles - 	Entry: C:\Users\Usuario\Desktop\Tercer Año\OO2\eclipse\plugins\org.eclipse.m2e.maven.runtime_3.8.701.20230209-1606\jars\maven-compat-3.8.7.jar
2024-04-12 12:49:36,080 [Worker-14: Launching mavenrun-94c8a203-aa57-49cf-8c2e-bb55c9cdd8b4] INFO  o.eclipse.m2e.core.internal.Bundles - 	Entry: C:\Users\Usuario\Desktop\Tercer Año\OO2\eclipse\plugins\org.eclipse.m2e.maven.runtime_3.8.701.20230209-1606\jars\maven-core-3.8.7.jar
2024-04-12 12:49:36,080 [Worker-14: Launching mavenrun-94c8a203-aa57-49cf-8c2e-bb55c9cdd8b4] INFO  o.eclipse.m2e.core.internal.Bundles - 	Entry: C:\Users\Usuario\Desktop\Tercer Año\OO2\eclipse\plugins\org.eclipse.m2e.maven.runtime_3.8.701.20230209-1606\jars\maven-embedder-3.8.7.jar
2024-04-12 12:49:36,081 [Worker-14: Launching mavenrun-94c8a203-aa57-49cf-8c2e-bb55c9cdd8b4] INFO  o.eclipse.m2e.core.internal.Bundles - 	Entry: C:\Users\Usuario\Desktop\Tercer Año\OO2\eclipse\plugins\org.eclipse.m2e.maven.runtime_3.8.701.20230209-1606\jars\maven-model-3.8.7.jar
2024-04-12 12:49:36,081 [Worker-14: Launching mavenrun-94c8a203-aa57-49cf-8c2e-bb55c9cdd8b4] INFO  o.eclipse.m2e.core.internal.Bundles - 	Entry: C:\Users\Usuario\Desktop\Tercer Año\OO2\eclipse\plugins\org.eclipse.m2e.maven.runtime_3.8.701.20230209-1606\jars\maven-model-builder-3.8.7.jar
2024-04-12 12:49:36,081 [Worker-14: Launching mavenrun-94c8a203-aa57-49cf-8c2e-bb55c9cdd8b4] INFO  o.eclipse.m2e.core.internal.Bundles - 	Entry: C:\Users\Usuario\Desktop\Tercer Año\OO2\eclipse\plugins\org.eclipse.m2e.maven.runtime_3.8.701.20230209-1606\jars\maven-plugin-api-3.8.7.jar
2024-04-12 12:49:36,081 [Worker-14: Launching mavenrun-94c8a203-aa57-49cf-8c2e-bb55c9cdd8b4] INFO  o.eclipse.m2e.core.internal.Bundles - 	Entry: C:\Users\Usuario\Desktop\Tercer Año\OO2\eclipse\plugins\org.eclipse.m2e.maven.runtime_3.8.701.20230209-1606\jars\maven-repository-metadata-3.8.7.jar
2024-04-12 12:49:36,082 [Worker-14: Launching mavenrun-94c8a203-aa57-49cf-8c2e-bb55c9cdd8b4] INFO  o.eclipse.m2e.core.internal.Bundles - 	Entry: C:\Users\Usuario\Desktop\Tercer Año\OO2\eclipse\plugins\org.eclipse.m2e.maven.runtime_3.8.701.20230209-1606\jars\maven-resolver-api-1.6.3.jar
2024-04-12 12:49:36,082 [Worker-14: Launching mavenrun-94c8a203-aa57-49cf-8c2e-bb55c9cdd8b4] INFO  o.eclipse.m2e.core.internal.Bundles - 	Entry: C:\Users\Usuario\Desktop\Tercer Año\OO2\eclipse\plugins\org.eclipse.m2e.maven.runtime_3.8.701.20230209-1606\jars\maven-resolver-connector-basic-1.6.3.jar
2024-04-12 12:49:36,082 [Worker-14: Launching mavenrun-94c8a203-aa57-49cf-8c2e-bb55c9cdd8b4] INFO  o.eclipse.m2e.core.internal.Bundles - 	Entry: C:\Users\Usuario\Desktop\Tercer Año\OO2\eclipse\plugins\org.eclipse.m2e.maven.runtime_3.8.701.20230209-1606\jars\maven-resolver-impl-1.6.3.jar
2024-04-12 12:49:36,082 [Worker-14: Launching mavenrun-94c8a203-aa57-49cf-8c2e-bb55c9cdd8b4] INFO  o.eclipse.m2e.core.internal.Bundles - 	Entry: C:\Users\Usuario\Desktop\Tercer Año\OO2\eclipse\plugins\org.eclipse.m2e.maven.runtime_3.8.701.20230209-1606\jars\maven-resolver-provider-3.8.7.jar
2024-04-12 12:49:36,082 [Worker-14: Launching mavenrun-94c8a203-aa57-49cf-8c2e-bb55c9cdd8b4] INFO  o.eclipse.m2e.core.internal.Bundles - 	Entry: C:\Users\Usuario\Desktop\Tercer Año\OO2\eclipse\plugins\org.eclipse.m2e.maven.runtime_3.8.701.20230209-1606\jars\maven-resolver-spi-1.6.3.jar
2024-04-12 12:49:36,082 [Worker-14: Launching mavenrun-94c8a203-aa57-49cf-8c2e-bb55c9cdd8b4] INFO  o.eclipse.m2e.core.internal.Bundles - 	Entry: C:\Users\Usuario\Desktop\Tercer Año\OO2\eclipse\plugins\org.eclipse.m2e.maven.runtime_3.8.701.20230209-1606\jars\maven-resolver-transport-wagon-1.6.3.jar
2024-04-12 12:49:36,083 [Worker-14: Launching mavenrun-94c8a203-aa57-49cf-8c2e-bb55c9cdd8b4] INFO  o.eclipse.m2e.core.internal.Bundles - 	Entry: C:\Users\Usuario\Desktop\Tercer Año\OO2\eclipse\plugins\org.eclipse.m2e.maven.runtime_3.8.701.20230209-1606\jars\maven-resolver-util-1.6.3.jar
2024-04-12 12:49:36,083 [Worker-14: Launching mavenrun-94c8a203-aa57-49cf-8c2e-bb55c9cdd8b4] INFO  o.eclipse.m2e.core.internal.Bundles - 	Entry: C:\Users\Usuario\Desktop\Tercer Año\OO2\eclipse\plugins\org.eclipse.m2e.maven.runtime_3.8.701.20230209-1606\jars\maven-settings-3.8.7.jar
2024-04-12 12:49:36,083 [Worker-14: Launching mavenrun-94c8a203-aa57-49cf-8c2e-bb55c9cdd8b4] INFO  o.eclipse.m2e.core.internal.Bundles - 	Entry: C:\Users\Usuario\Desktop\Tercer Año\OO2\eclipse\plugins\org.eclipse.m2e.maven.runtime_3.8.701.20230209-1606\jars\maven-settings-builder-3.8.7.jar
2024-04-12 12:49:36,083 [Worker-14: Launching mavenrun-94c8a203-aa57-49cf-8c2e-bb55c9cdd8b4] INFO  o.eclipse.m2e.core.internal.Bundles - 	Entry: C:\Users\Usuario\Desktop\Tercer Año\OO2\eclipse\plugins\org.eclipse.m2e.maven.runtime_3.8.701.20230209-1606\jars\maven-shared-utils-3.3.4.jar
2024-04-12 12:49:36,083 [Worker-14: Launching mavenrun-94c8a203-aa57-49cf-8c2e-bb55c9cdd8b4] INFO  o.eclipse.m2e.core.internal.Bundles - 	Entry: C:\Users\Usuario\Desktop\Tercer Año\OO2\eclipse\plugins\org.eclipse.m2e.maven.runtime_3.8.701.20230209-1606\jars\okhttp-3.14.1.jar
2024-04-12 12:49:36,083 [Worker-14: Launching mavenrun-94c8a203-aa57-49cf-8c2e-bb55c9cdd8b4] INFO  o.eclipse.m2e.core.internal.Bundles - 	Entry: C:\Users\Usuario\Desktop\Tercer Año\OO2\eclipse\plugins\org.eclipse.m2e.maven.runtime_3.8.701.20230209-1606\jars\okio-1.17.3.jar
2024-04-12 12:49:36,084 [Worker-14: Launching mavenrun-94c8a203-aa57-49cf-8c2e-bb55c9cdd8b4] INFO  o.eclipse.m2e.core.internal.Bundles - 	Entry: C:\Users\Usuario\Desktop\Tercer Año\OO2\eclipse\plugins\org.eclipse.m2e.maven.runtime_3.8.701.20230209-1606\jars\org.eclipse.sisu.inject-0.3.5.jar
2024-04-12 12:49:36,084 [Worker-14: Launching mavenrun-94c8a203-aa57-49cf-8c2e-bb55c9cdd8b4] INFO  o.eclipse.m2e.core.internal.Bundles - 	Entry: C:\Users\Usuario\Desktop\Tercer Año\OO2\eclipse\plugins\org.eclipse.m2e.maven.runtime_3.8.701.20230209-1606\jars\org.eclipse.sisu.plexus-0.3.5.jar
2024-04-12 12:49:36,084 [Worker-14: Launching mavenrun-94c8a203-aa57-49cf-8c2e-bb55c9cdd8b4] INFO  o.eclipse.m2e.core.internal.Bundles - 	Entry: C:\Users\Usuario\Desktop\Tercer Año\OO2\eclipse\plugins\org.eclipse.m2e.maven.runtime_3.8.701.20230209-1606\jars\plexus-build-api-0.0.7.jar
2024-04-12 12:49:36,084 [Worker-14: Launching mavenrun-94c8a203-aa57-49cf-8c2e-bb55c9cdd8b4] INFO  o.eclipse.m2e.core.internal.Bundles - 	Entry: C:\Users\Usuario\Desktop\Tercer Año\OO2\eclipse\plugins\org.eclipse.m2e.maven.runtime_3.8.701.20230209-1606\jars\plexus-cipher-2.0.jar
2024-04-12 12:49:36,084 [Worker-14: Launching mavenrun-94c8a203-aa57-49cf-8c2e-bb55c9cdd8b4] INFO  o.eclipse.m2e.core.internal.Bundles - 	Entry: C:\Users\Usuario\Desktop\Tercer Año\OO2\eclipse\plugins\org.eclipse.m2e.maven.runtime_3.8.701.20230209-1606\jars\plexus-classworlds-2.6.0.jar
2024-04-12 12:49:36,085 [Worker-14: Launching mavenrun-94c8a203-aa57-49cf-8c2e-bb55c9cdd8b4] INFO  o.eclipse.m2e.core.internal.Bundles - 	Entry: C:\Users\Usuario\Desktop\Tercer Año\OO2\eclipse\plugins\org.eclipse.m2e.maven.runtime_3.8.701.20230209-1606\jars\plexus-component-annotations-2.1.0.jar
2024-04-12 12:49:36,085 [Worker-14: Launching mavenrun-94c8a203-aa57-49cf-8c2e-bb55c9cdd8b4] INFO  o.eclipse.m2e.core.internal.Bundles - 	Entry: C:\Users\Usuario\Desktop\Tercer Año\OO2\eclipse\plugins\org.eclipse.m2e.maven.runtime_3.8.701.20230209-1606\jars\plexus-interpolation-1.26.jar
2024-04-12 12:49:36,085 [Worker-14: Launching mavenrun-94c8a203-aa57-49cf-8c2e-bb55c9cdd8b4] INFO  o.eclipse.m2e.core.internal.Bundles - 	Entry: C:\Users\Usuario\Desktop\Tercer Año\OO2\eclipse\plugins\org.eclipse.m2e.maven.runtime_3.8.701.20230209-1606\jars\plexus-sec-dispatcher-2.0.jar
2024-04-12 12:49:36,085 [Worker-14: Launching mavenrun-94c8a203-aa57-49cf-8c2e-bb55c9cdd8b4] INFO  o.eclipse.m2e.core.internal.Bundles - 	Entry: C:\Users\Usuario\Desktop\Tercer Año\OO2\eclipse\plugins\org.eclipse.m2e.maven.runtime_3.8.701.20230209-1606\jars\plexus-utils-3.3.1.jar
2024-04-12 12:49:36,085 [Worker-14: Launching mavenrun-94c8a203-aa57-49cf-8c2e-bb55c9cdd8b4] INFO  o.eclipse.m2e.core.internal.Bundles - 	Entry: C:\Users\Usuario\Desktop\Tercer Año\OO2\eclipse\plugins\org.eclipse.m2e.maven.runtime_3.8.701.20230209-1606\jars\wagon-file-3.5.3.jar
2024-04-12 12:49:36,085 [Worker-14: Launching mavenrun-94c8a203-aa57-49cf-8c2e-bb55c9cdd8b4] INFO  o.eclipse.m2e.core.internal.Bundles - 	Entry: C:\Users\Usuario\Desktop\Tercer Año\OO2\eclipse\plugins\org.eclipse.m2e.maven.runtime_3.8.701.20230209-1606\jars\wagon-provider-api-3.5.3.jar
2024-04-12 12:49:36,087 [Worker-14: Launching mavenrun-94c8a203-aa57-49cf-8c2e-bb55c9cdd8b4] INFO  o.eclipse.m2e.core.internal.Bundles - getClasspathEntries(Bundle=com.google.guava_31.1.0.jre [9])
2024-04-12 12:49:36,087 [Worker-14: Launching mavenrun-94c8a203-aa57-49cf-8c2e-bb55c9cdd8b4] INFO  o.eclipse.m2e.core.internal.Bundles - 	Entry: C:\Users\Usuario\Desktop\Tercer Año\OO2\eclipse\plugins\com.google.guava_31.1.0.jre.jar
2024-04-12 12:49:36,087 [Worker-14: Launching mavenrun-94c8a203-aa57-49cf-8c2e-bb55c9cdd8b4] INFO  o.eclipse.m2e.core.internal.Bundles - getClasspathEntries(Bundle=slf4j.api_1.7.36 [442])
2024-04-12 12:49:36,088 [Worker-14: Launching mavenrun-94c8a203-aa57-49cf-8c2e-bb55c9cdd8b4] INFO  o.eclipse.m2e.core.internal.Bundles - 	Entry: C:\Users\Usuario\Desktop\Tercer Año\OO2\eclipse\plugins\slf4j.api_1.7.36.jar
2024-04-12 12:49:36,088 [Worker-14: Launching mavenrun-94c8a203-aa57-49cf-8c2e-bb55c9cdd8b4] INFO  o.eclipse.m2e.core.internal.Bundles - getClasspathEntries(Bundle=javax.inject_1.0.0.v20220405-0441 [21])
2024-04-12 12:49:36,090 [Worker-14: Launching mavenrun-94c8a203-aa57-49cf-8c2e-bb55c9cdd8b4] INFO  o.eclipse.m2e.core.internal.Bundles - 	Entry: C:\Users\Usuario\Desktop\Tercer Año\OO2\eclipse\plugins\javax.inject_1.0.0.v20220405-0441.jar
2024-04-12 12:49:36,090 [Worker-14: Launching mavenrun-94c8a203-aa57-49cf-8c2e-bb55c9cdd8b4] INFO  o.eclipse.m2e.core.internal.Bundles - getClasspathEntries(Bundle=javax.annotation_1.3.5.v20221203-1659 [19])
2024-04-12 12:49:36,091 [Worker-14: Launching mavenrun-94c8a203-aa57-49cf-8c2e-bb55c9cdd8b4] INFO  o.eclipse.m2e.core.internal.Bundles - 	Entry: C:\Users\Usuario\Desktop\Tercer Año\OO2\eclipse\plugins\javax.annotation_1.3.5.v20221203-1659.jar
2024-04-12 12:49:36,091 [Worker-14: Launching mavenrun-94c8a203-aa57-49cf-8c2e-bb55c9cdd8b4] INFO  o.eclipse.m2e.core.internal.Bundles - getClasspathEntries(Bundle=org.apache.commons.cli_1.4.0.v20221112-0806 [41])
2024-04-12 12:49:36,092 [Worker-14: Launching mavenrun-94c8a203-aa57-49cf-8c2e-bb55c9cdd8b4] INFO  o.eclipse.m2e.core.internal.Bundles - 	Entry: C:\Users\Usuario\Desktop\Tercer Año\OO2\eclipse\plugins\org.apache.commons.cli_1.4.0.v20221112-0806.jar
2024-04-12 12:49:36,092 [Worker-14: Launching mavenrun-94c8a203-aa57-49cf-8c2e-bb55c9cdd8b4] INFO  o.eclipse.m2e.core.internal.Bundles - getClasspathEntries(Bundle=com.google.guava.failureaccess_1.0.1 [11])
2024-04-12 12:49:36,093 [Worker-14: Launching mavenrun-94c8a203-aa57-49cf-8c2e-bb55c9cdd8b4] INFO  o.eclipse.m2e.core.internal.Bundles - 	Entry: C:\Users\Usuario\Desktop\Tercer Año\OO2\eclipse\plugins\com.google.guava.failureaccess_1.0.1.jar
2024-04-12 12:49:36,096 [Worker-14: Launching mavenrun-94c8a203-aa57-49cf-8c2e-bb55c9cdd8b4] INFO  o.e.m.i.launch.MavenLaunchDelegate - Run build in "C:\Users\Usuario\AppData\Local\Temp\m2e-archetypeGenerator327032427409541829":
2024-04-12 12:49:36,100 [Worker-14: Launching mavenrun-94c8a203-aa57-49cf-8c2e-bb55c9cdd8b4] INFO  o.e.m.i.launch.MavenLaunchDelegate -  mvn  -DarchetypeGroupId=ar.edu.unlp.info.oo2 -DarchetypeArtifactId=objetos-dos -DarchetypeVersion=0.0.2 -DgroupId=ar.edu.unlp.info.oo2 -DartifactId=Ejercicio6 -Dversion=0.0.1-SNAPSHOT -Dpackage=ar.edu.unlp.info.oo2.Ejercicio6 -DoutputDirectory="C:\Users\Usuario\Desktop\Tercer Año\OO2" -Dstyle.color=always -U archetype:generate
2024-04-12 12:49:44,458 [Worker-31: Creating objetos-dos] INFO  o.e.m.c.i.p.ProjectConfigurationManager - Collecting project info '/pom.xml' C:\Users\Usuario\Desktop\Tercer Año\OO2\Ejercicio6\pom.xml
2024-04-12 12:49:46,959 [Worker-31: Creating objetos-dos] INFO  o.e.m.c.i.l.LifecycleMappingFactory - Using org.eclipse.m2e.jdt.JarLifecycleMapping lifecycle mapping for MavenProject: ar.edu.unlp.info.oo2:Ejercicio6:0.0.1-SNAPSHOT @ C:\Users\Usuario\Desktop\Tercer Año\OO2\Ejercicio6\pom.xml.
2024-04-12 12:49:47,906 [Worker-31: Creating objetos-dos] INFO  o.e.m.j.i.AbstractJavaProjectConfigurator - Adding source folder /Ejercicio6/src/main/java
2024-04-12 12:49:47,906 [Worker-31: Creating objetos-dos] INFO  o.e.m.j.i.AbstractJavaProjectConfigurator - Adding source folder /Ejercicio6/src/test/java
2024-04-12 12:49:47,933 [Worker-31: Creating objetos-dos] INFO  o.e.m.c.i.p.ProjectConfigurationManager - Imported and configured 1 project(s) in 3 sec
